<?xml version="1.0" encoding="UTF-8"?>
<!-- Generated by org.testng.reporters.JUnitXMLReporter -->
<testsuite ignored="0" hostname="UMESH-LAP" failures="0" tests="1" name="Test" time="0.127" errors="0" timestamp="2025-04-06T11:30:27 IST">
  <testcase classname="testBase.Baseclass" name="@BeforeClass setup" time="-1.743919227146E9">
    <failure type="org.testng.TestNGException" message="
Parameter &amp;apos;os&amp;apos; is required by BeforeClass on method setup but has not been marked @Optional or defined
in C:\Users\UMESH\OneDrive\Desktop\Selenium\OpenCart_project\testng.xml">
      <![CDATA[org.testng.TestNGException: 
Parameter 'os' is required by BeforeClass on method setup but has not been marked @Optional or defined
in C:\Users\UMESH\OneDrive\Desktop\Selenium\OpenCart_project\testng.xml
at java.base/java.util.ArrayList.forEach(ArrayList.java:1596)
... Removed 22 stack frames]]>
    </failure>
  </testcase> <!-- @BeforeClass setup -->
  <testcase classname="testBase.Baseclass" name="@AfterClass close" time="0.0">
    <skipped/>
  </testcase> <!-- @AfterClass close -->
  <testcase classname="testCases.TC001_Accountregistrationtest" name="openregister" time="0.001">
    <skipped/>
  </testcase> <!-- openregister -->
</testsuite> <!-- Test -->
