<?xml version="1.0" encoding="UTF-8"?>
<!-- Generated by org.testng.reporters.JUnitXMLReporter -->
<testsuite ignored="0" hostname="UMESH-LAP" failures="1" tests="1" name="Main" time="4.102" errors="0" timestamp="2025-04-06T21:53:02 IST">
  <testcase classname="testCases.LoginDDT" name="verify_loginDDT" time="0.0">
    <failure type="java.lang.RuntimeException" message="java.io.FileNotFoundException: \OpenCart_project\src\test\resources\TestData\credentials.xlsx (The system cannot find the path specified)">
      <![CDATA[java.lang.RuntimeException: java.io.FileNotFoundException: \OpenCart_project\src\test\resources\TestData\credentials.xlsx (The system cannot find the path specified)
at java.base/java.util.ArrayList.forEach(ArrayList.java:1596)
Caused by: java.io.FileNotFoundException: \OpenCart_project\src\test\resources\TestData\credentials.xlsx (The system cannot find the path specified)
at java.base/java.io.FileInputStream.open0(Native Method)
at java.base/java.io.FileInputStream.open(FileInputStream.java:213)
at java.base/java.io.FileInputStream.<init>(FileInputStream.java:152)
at java.base/java.io.FileInputStream.<init>(FileInputStream.java:106)
at utilities.ExcelUtility.getRowCount(ExcelUtility.java:43)
at utilities.Dataproviders.getData(Dataproviders.java:16)
... 25 more
... Removed 30 stack frames]]>
    </failure>
  </testcase> <!-- verify_loginDDT -->
</testsuite> <!-- Main -->
