<?xml version="1.0" encoding="UTF-8"?>
<!-- Generated by org.testng.reporters.JUnitXMLReporter -->
<testsuite ignored="0" hostname="UMESH-LAP" failures="0" tests="1" name="edge" time="18.651" errors="0" timestamp="2025-04-15T19:52:48 IST">
  <testcase classname="testBase.Baseclass" name="@BeforeClass setup" time="3.494">
    <failure type="org.openqa.selenium.SessionNotCreatedException" message="Could not start a new session. Response code 400. Message: binary is not a Firefox executable 
Host info: host: &amp;apos;UMESH-LAP&amp;apos;, ip: &amp;apos;192.168.1.9&amp;apos;
Build info: version: &amp;apos;4.30.0&amp;apos;, revision: &amp;apos;509c7f17cc*&amp;apos;
System info: os.name: &amp;apos;Windows 11&amp;apos;, os.arch: &amp;apos;amd64&amp;apos;, os.version: &amp;apos;10.0&amp;apos;, java.version: &amp;apos;21.0.2&amp;apos;
Driver info: org.openqa.selenium.firefox.FirefoxDriver
Command: [null, newSession {capabilities=[Capabilities {acceptInsecureCerts: true, browserName: firefox, moz:firefoxOptions: {binary: C:\Users\UMESH\AppData\Loca..., prefs: {remote.active-protocols: 3}}}]}]">
      <![CDATA[org.openqa.selenium.SessionNotCreatedException: Could not start a new session. Response code 400. Message: binary is not a Firefox executable 
Host info: host: 'UMESH-LAP', ip: '192.168.1.9'
Build info: version: '4.30.0', revision: '509c7f17cc*'
System info: os.name: 'Windows 11', os.arch: 'amd64', os.version: '10.0', java.version: '21.0.2'
Driver info: org.openqa.selenium.firefox.FirefoxDriver
Command: [null, newSession {capabilities=[Capabilities {acceptInsecureCerts: true, browserName: firefox, moz:firefoxOptions: {binary: C:\Users\UMESH\AppData\Loca..., prefs: {remote.active-protocols: 3}}}]}]
at org.openqa.selenium.remote.ProtocolHandshake.createSession(ProtocolHandshake.java:114)
at org.openqa.selenium.remote.ProtocolHandshake.createSession(ProtocolHandshake.java:75)
at org.openqa.selenium.remote.ProtocolHandshake.createSession(ProtocolHandshake.java:61)
at org.openqa.selenium.remote.HttpCommandExecutor.execute(HttpCommandExecutor.java:187)
at org.openqa.selenium.remote.service.DriverCommandExecutor.invokeExecute(DriverCommandExecutor.java:216)
at org.openqa.selenium.remote.service.DriverCommandExecutor.execute(DriverCommandExecutor.java:174)
at org.openqa.selenium.remote.RemoteWebDriver.execute(RemoteWebDriver.java:545)
at org.openqa.selenium.remote.RemoteWebDriver.startSession(RemoteWebDriver.java:245)
at org.openqa.selenium.remote.RemoteWebDriver.<init>(RemoteWebDriver.java:174)
at org.openqa.selenium.firefox.FirefoxDriver.<init>(FirefoxDriver.java:142)
at org.openqa.selenium.firefox.FirefoxDriver.<init>(FirefoxDriver.java:137)
at org.openqa.selenium.firefox.FirefoxDriver.<init>(FirefoxDriver.java:119)
at org.openqa.selenium.firefox.FirefoxDriver.<init>(FirefoxDriver.java:114)
at org.openqa.selenium.firefox.FirefoxDriver.<init>(FirefoxDriver.java:99)
at org.openqa.selenium.firefox.FirefoxDriver.<init>(FirefoxDriver.java:89)
at testBase.Baseclass.setup(Baseclass.java:28)
at java.base/java.util.ArrayList.forEach(ArrayList.java:1596)
at java.base/java.util.concurrent.FutureTask.run(FutureTask.java:317)
at java.base/java.util.concurrent.ThreadPoolExecutor.runWorker(ThreadPoolExecutor.java:1144)
at java.base/java.util.concurrent.ThreadPoolExecutor$Worker.run(ThreadPoolExecutor.java:642)
at java.base/java.lang.Thread.run(Thread.java:1583)
... Removed 13 stack frames]]>
    </failure>
  </testcase> <!-- @BeforeClass setup -->
  <testcase classname="testBase.Baseclass" name="@AfterClass close" time="0.0">
    <skipped/>
  </testcase> <!-- @AfterClass close -->
  <testcase classname="testCases.TC001_Accountregistrationtest" name="openregister" time="2.511"/>
</testsuite> <!-- edge -->
